C:\USERS\ILYA\DOCUMENTS\VISUAL STUDIO 2010\PROJECTS\RECIPES\BIN\DEBUG\LOADSCENE.EXE
C:\USERS\ILYA\DOCUMENTS\VISUAL STUDIO 2010\PROJECTS\RECIPES\BIN\DEBUG\LOADSCENE.ILK
C:\USERS\ILYA\DOCUMENTS\VISUAL STUDIO 2010\PROJECTS\RECIPES\CHAPTER03\DEBUG\LOADSCENE.PDB
C:\Users\Ilya\Documents\Visual Studio 2010\Projects\Recipes\Chapter03\LoadScene\LoadScene\Debug\cl.command.1.tlog
C:\Users\Ilya\Documents\Visual Studio 2010\Projects\Recipes\Chapter03\LoadScene\LoadScene\Debug\CL.read.1.tlog
C:\Users\Ilya\Documents\Visual Studio 2010\Projects\Recipes\Chapter03\LoadScene\LoadScene\Debug\CL.write.1.tlog
C:\USERS\ILYA\DOCUMENTS\VISUAL STUDIO 2010\PROJECTS\RECIPES\CHAPTER03\LOADSCENE\LOADSCENE\DEBUG\ENGINE.OBJ
C:\Users\Ilya\Documents\Visual Studio 2010\Projects\Recipes\Chapter03\LoadScene\LoadScene\Debug\link.command.1.tlog
C:\Users\Ilya\Documents\Visual Studio 2010\Projects\Recipes\Chapter03\LoadScene\LoadScene\Debug\link.read.1.tlog
C:\Users\Ilya\Documents\Visual Studio 2010\Projects\Recipes\Chapter03\LoadScene\LoadScene\Debug\link.write.1.tlog
C:\Users\Ilya\Documents\Visual Studio 2010\Projects\Recipes\Chapter03\LoadScene\LoadScene\Debug\link-cvtres.read.1.tlog
C:\Users\Ilya\Documents\Visual Studio 2010\Projects\Recipes\Chapter03\LoadScene\LoadScene\Debug\link-cvtres.write.1.tlog
C:\USERS\ILYA\DOCUMENTS\VISUAL STUDIO 2010\PROJECTS\RECIPES\CHAPTER03\LOADSCENE\LOADSCENE\DEBUG\LOADSCENE.EXE.EMBED.MANIFEST
C:\USERS\ILYA\DOCUMENTS\VISUAL STUDIO 2010\PROJECTS\RECIPES\CHAPTER03\LOADSCENE\LOADSCENE\DEBUG\LOADSCENE.EXE.EMBED.MANIFEST.RES
C:\USERS\ILYA\DOCUMENTS\VISUAL STUDIO 2010\PROJECTS\RECIPES\CHAPTER03\LOADSCENE\LOADSCENE\DEBUG\LOADSCENE.EXE.INTERMEDIATE.MANIFEST
C:\USERS\ILYA\DOCUMENTS\VISUAL STUDIO 2010\PROJECTS\RECIPES\CHAPTER03\LOADSCENE\LOADSCENE\DEBUG\LOADSCENE.OBJ
C:\USERS\ILYA\DOCUMENTS\VISUAL STUDIO 2010\PROJECTS\RECIPES\CHAPTER03\LOADSCENE\LOADSCENE\DEBUG\LOADSCENE.PCH
C:\USERS\ILYA\DOCUMENTS\VISUAL STUDIO 2010\PROJECTS\RECIPES\CHAPTER03\LOADSCENE\LOADSCENE\DEBUG\LOADSCENE.RES
C:\Users\Ilya\Documents\Visual Studio 2010\Projects\Recipes\Chapter03\LoadScene\LoadScene\Debug\LoadScene_manifest.rc
C:\USERS\ILYA\DOCUMENTS\VISUAL STUDIO 2010\PROJECTS\RECIPES\CHAPTER03\LOADSCENE\LOADSCENE\DEBUG\LOADSCENEDOC.OBJ
C:\USERS\ILYA\DOCUMENTS\VISUAL STUDIO 2010\PROJECTS\RECIPES\CHAPTER03\LOADSCENE\LOADSCENE\DEBUG\LOADSCENEVIEW.OBJ
C:\USERS\ILYA\DOCUMENTS\VISUAL STUDIO 2010\PROJECTS\RECIPES\CHAPTER03\LOADSCENE\LOADSCENE\DEBUG\MAINFRM.OBJ
C:\Users\Ilya\Documents\Visual Studio 2010\Projects\Recipes\Chapter03\LoadScene\LoadScene\Debug\mt.command.1.tlog
C:\Users\Ilya\Documents\Visual Studio 2010\Projects\Recipes\Chapter03\LoadScene\LoadScene\Debug\mt.read.1.tlog
C:\Users\Ilya\Documents\Visual Studio 2010\Projects\Recipes\Chapter03\LoadScene\LoadScene\Debug\mt.write.1.tlog
C:\Users\Ilya\Documents\Visual Studio 2010\Projects\Recipes\Chapter03\LoadScene\LoadScene\Debug\rc.command.1.tlog
C:\Users\Ilya\Documents\Visual Studio 2010\Projects\Recipes\Chapter03\LoadScene\LoadScene\Debug\rc.read.1.tlog
C:\Users\Ilya\Documents\Visual Studio 2010\Projects\Recipes\Chapter03\LoadScene\LoadScene\Debug\rc.write.1.tlog
C:\USERS\ILYA\DOCUMENTS\VISUAL STUDIO 2010\PROJECTS\RECIPES\CHAPTER03\LOADSCENE\LOADSCENE\DEBUG\STDAFX.OBJ
C:\Users\Ilya\Documents\Visual Studio 2010\Projects\Recipes\Chapter03\LoadScene\LoadScene\Debug\vc100.idb
C:\USERS\ILYA\DOCUMENTS\VISUAL STUDIO 2010\PROJECTS\RECIPES\CHAPTER03\LOADSCENE\LOADSCENE\DEBUG\VC100.PDB
