19:40:01: Edge Data
19:40:01: ---------
19:40:01: Triangle 0 = {indexSet=0, vertexSet=0, v0=0, v1=1, v2=2}
19:40:01: Triangle 1 = {indexSet=0, vertexSet=0, v0=3, v1=4, v2=5}
19:40:01: Triangle 2 = {indexSet=0, vertexSet=0, v0=6, v1=7, v2=8}
19:40:01: Triangle 3 = {indexSet=0, vertexSet=0, v0=9, v1=10, v2=11}
19:40:01: Triangle 4 = {indexSet=0, vertexSet=0, v0=12, v1=13, v2=14}
19:40:01: Triangle 5 = {indexSet=0, vertexSet=0, v0=15, v1=16, v2=17}
19:40:01: Triangle 6 = {indexSet=0, vertexSet=0, v0=18, v1=19, v2=20}
19:40:01: Triangle 7 = {indexSet=0, vertexSet=0, v0=21, v1=22, v2=23}
19:40:01: Triangle 8 = {indexSet=0, vertexSet=0, v0=24, v1=25, v2=26}
19:40:01: Triangle 9 = {indexSet=0, vertexSet=0, v0=27, v1=28, v2=29}
19:40:01: Triangle 10 = {indexSet=0, vertexSet=0, v0=30, v1=31, v2=32}
19:40:01: Triangle 11 = {indexSet=0, vertexSet=0, v0=33, v1=34, v2=35}
19:40:01: Edge Group vertexSet=0
19:40:01: Edge 0 = {
  tri0=0, 
  tri1=4294967295, 
  v0=0, 
  v1=1, 
  degenerate=true 
}
19:40:01: Edge 1 = {
  tri0=0, 
  tri1=4294967295, 
  v0=1, 
  v1=2, 
  degenerate=true 
}
19:40:01: Edge 2 = {
  tri0=0, 
  tri1=1, 
  v0=2, 
  v1=0, 
  degenerate=false 
}
19:40:01: Edge 3 = {
  tri0=1, 
  tri1=8, 
  v0=4, 
  v1=5, 
  degenerate=false 
}
19:40:01: Edge 4 = {
  tri0=1, 
  tri1=11, 
  v0=5, 
  v1=3, 
  degenerate=false 
}
19:40:01: Edge 5 = {
  tri0=2, 
  tri1=4294967295, 
  v0=6, 
  v1=7, 
  degenerate=true 
}
19:40:01: Edge 6 = {
  tri0=2, 
  tri1=7, 
  v0=7, 
  v1=8, 
  degenerate=false 
}
19:40:01: Edge 7 = {
  tri0=2, 
  tri1=3, 
  v0=8, 
  v1=6, 
  degenerate=false 
}
19:40:01: Edge 8 = {
  tri0=3, 
  tri1=4294967295, 
  v0=10, 
  v1=11, 
  degenerate=true 
}
19:40:01: Edge 9 = {
  tri0=3, 
  tri1=4294967295, 
  v0=11, 
  v1=9, 
  degenerate=true 
}
19:40:01: Edge 10 = {
  tri0=4, 
  tri1=4294967295, 
  v0=12, 
  v1=13, 
  degenerate=true 
}
19:40:01: Edge 11 = {
  tri0=4, 
  tri1=7, 
  v0=13, 
  v1=14, 
  degenerate=false 
}
19:40:01: Edge 12 = {
  tri0=4, 
  tri1=5, 
  v0=14, 
  v1=12, 
  degenerate=false 
}
19:40:01: Edge 13 = {
  tri0=5, 
  tri1=4294967295, 
  v0=16, 
  v1=17, 
  degenerate=true 
}
19:40:01: Edge 14 = {
  tri0=5, 
  tri1=10, 
  v0=17, 
  v1=15, 
  degenerate=false 
}
19:40:01: Edge 15 = {
  tri0=6, 
  tri1=4294967295, 
  v0=18, 
  v1=19, 
  degenerate=true 
}
19:40:01: Edge 16 = {
  tri0=6, 
  tri1=4294967295, 
  v0=19, 
  v1=20, 
  degenerate=true 
}
19:40:01: Edge 17 = {
  tri0=6, 
  tri1=7, 
  v0=20, 
  v1=18, 
  degenerate=false 
}
19:40:01: Edge 18 = {
  tri0=8, 
  tri1=9, 
  v0=25, 
  v1=26, 
  degenerate=false 
}
19:40:01: Edge 19 = {
  tri0=8, 
  tri1=11, 
  v0=26, 
  v1=24, 
  degenerate=false 
}
19:40:01: Edge 20 = {
  tri0=9, 
  tri1=4294967295, 
  v0=27, 
  v1=28, 
  degenerate=true 
}
19:40:01: Edge 21 = {
  tri0=9, 
  tri1=4294967295, 
  v0=28, 
  v1=29, 
  degenerate=true 
}
19:40:01: Edge 22 = {
  tri0=10, 
  tri1=4294967295, 
  v0=31, 
  v1=32, 
  degenerate=true 
}
19:40:01: Edge 23 = {
  tri0=10, 
  tri1=4294967295, 
  v0=32, 
  v1=30, 
  degenerate=true 
}
19:40:01: Edge 24 = {
  tri0=11, 
  tri1=4294967295, 
  v0=35, 
  v1=33, 
  degenerate=true 
}
